Determining if the pthread_create exist failed with the following output:
Change Dir: /code/catkin_ws/build/line_detector2/CMakeFiles/CMakeTmp

Run Build Command:"/usr/bin/make" "cmTC_1e33e/fast"
/usr/bin/make -f CMakeFiles/cmTC_1e33e.dir/build.make CMakeFiles/cmTC_1e33e.dir/build
make[1]: Entering directory '/code/catkin_ws/build/line_detector2/CMakeFiles/CMakeTmp'
Building C object CMakeFiles/cmTC_1e33e.dir/CheckSymbolExists.c.o
/usr/bin/cc     -o CMakeFiles/cmTC_1e33e.dir/CheckSymbolExists.c.o   -c /code/catkin_ws/build/line_detector2/CMakeFiles/CMakeTmp/CheckSymbolExists.c
Linking C executable cmTC_1e33e
/usr/bin/cmake -E cmake_link_script CMakeFiles/cmTC_1e33e.dir/link.txt --verbose=1
/usr/bin/cc       CMakeFiles/cmTC_1e33e.dir/CheckSymbolExists.c.o  -o cmTC_1e33e -rdynamic 
CMakeFiles/cmTC_1e33e.dir/CheckSymbolExists.c.o: In function `main':
CheckSymbolExists.c:(.text+0xe): undefined reference to `pthread_create'
CheckSymbolExists.c:(.text+0x12): undefined reference to `pthread_create'
collect2: error: ld returned 1 exit status
CMakeFiles/cmTC_1e33e.dir/build.make:97: recipe for target 'cmTC_1e33e' failed
make[1]: *** [cmTC_1e33e] Error 1
make[1]: Leaving directory '/code/catkin_ws/build/line_detector2/CMakeFiles/CMakeTmp'
Makefile:126: recipe for target 'cmTC_1e33e/fast' failed
make: *** [cmTC_1e33e/fast] Error 2

File /code/catkin_ws/build/line_detector2/CMakeFiles/CMakeTmp/CheckSymbolExists.c:
/* */
#include <pthread.h>

int main(int argc, char** argv)
{
  (void)argv;
#ifndef pthread_create
  return ((int*)(&pthread_create))[argc];
#else
  (void)argc;
  return 0;
#endif
}

Determining if the function pthread_create exists in the pthreads failed with the following output:
Change Dir: /code/catkin_ws/build/line_detector2/CMakeFiles/CMakeTmp

Run Build Command:"/usr/bin/make" "cmTC_b53c5/fast"
/usr/bin/make -f CMakeFiles/cmTC_b53c5.dir/build.make CMakeFiles/cmTC_b53c5.dir/build
make[1]: Entering directory '/code/catkin_ws/build/line_detector2/CMakeFiles/CMakeTmp'
Building C object CMakeFiles/cmTC_b53c5.dir/CheckFunctionExists.c.o
/usr/bin/cc    -DCHECK_FUNCTION_EXISTS=pthread_create   -o CMakeFiles/cmTC_b53c5.dir/CheckFunctionExists.c.o   -c /usr/share/cmake-3.5/Modules/CheckFunctionExists.c
Linking C executable cmTC_b53c5
/usr/bin/cmake -E cmake_link_script CMakeFiles/cmTC_b53c5.dir/link.txt --verbose=1
/usr/bin/cc   -DCHECK_FUNCTION_EXISTS=pthread_create    CMakeFiles/cmTC_b53c5.dir/CheckFunctionExists.c.o  -o cmTC_b53c5 -rdynamic -lpthreads 
/usr/bin/ld: cannot find -lpthreads
collect2: error: ld returned 1 exit status
CMakeFiles/cmTC_b53c5.dir/build.make:97: recipe for target 'cmTC_b53c5' failed
make[1]: *** [cmTC_b53c5] Error 1
make[1]: Leaving directory '/code/catkin_ws/build/line_detector2/CMakeFiles/CMakeTmp'
Makefile:126: recipe for target 'cmTC_b53c5/fast' failed
make: *** [cmTC_b53c5/fast] Error 2


