Determining if the pthread_create exist failed with the following output:
Change Dir: /code/catkin_ws/build/explicit_coordinator/CMakeFiles/CMakeTmp

Run Build Command:"/usr/bin/make" "cmTC_13ebd/fast"
/usr/bin/make -f CMakeFiles/cmTC_13ebd.dir/build.make CMakeFiles/cmTC_13ebd.dir/build
make[1]: Entering directory '/code/catkin_ws/build/explicit_coordinator/CMakeFiles/CMakeTmp'
Building C object CMakeFiles/cmTC_13ebd.dir/CheckSymbolExists.c.o
/usr/bin/cc     -o CMakeFiles/cmTC_13ebd.dir/CheckSymbolExists.c.o   -c /code/catkin_ws/build/explicit_coordinator/CMakeFiles/CMakeTmp/CheckSymbolExists.c
Linking C executable cmTC_13ebd
/usr/bin/cmake -E cmake_link_script CMakeFiles/cmTC_13ebd.dir/link.txt --verbose=1
/usr/bin/cc       CMakeFiles/cmTC_13ebd.dir/CheckSymbolExists.c.o  -o cmTC_13ebd -rdynamic 
CMakeFiles/cmTC_13ebd.dir/CheckSymbolExists.c.o: In function `main':
CheckSymbolExists.c:(.text+0xe): undefined reference to `pthread_create'
CheckSymbolExists.c:(.text+0x12): undefined reference to `pthread_create'
collect2: error: ld returned 1 exit status
CMakeFiles/cmTC_13ebd.dir/build.make:97: recipe for target 'cmTC_13ebd' failed
make[1]: *** [cmTC_13ebd] Error 1
make[1]: Leaving directory '/code/catkin_ws/build/explicit_coordinator/CMakeFiles/CMakeTmp'
Makefile:126: recipe for target 'cmTC_13ebd/fast' failed
make: *** [cmTC_13ebd/fast] Error 2

File /code/catkin_ws/build/explicit_coordinator/CMakeFiles/CMakeTmp/CheckSymbolExists.c:
/* */
#include <pthread.h>

int main(int argc, char** argv)
{
  (void)argv;
#ifndef pthread_create
  return ((int*)(&pthread_create))[argc];
#else
  (void)argc;
  return 0;
#endif
}

Determining if the function pthread_create exists in the pthreads failed with the following output:
Change Dir: /code/catkin_ws/build/explicit_coordinator/CMakeFiles/CMakeTmp

Run Build Command:"/usr/bin/make" "cmTC_92d79/fast"
/usr/bin/make -f CMakeFiles/cmTC_92d79.dir/build.make CMakeFiles/cmTC_92d79.dir/build
make[1]: Entering directory '/code/catkin_ws/build/explicit_coordinator/CMakeFiles/CMakeTmp'
Building C object CMakeFiles/cmTC_92d79.dir/CheckFunctionExists.c.o
/usr/bin/cc    -DCHECK_FUNCTION_EXISTS=pthread_create   -o CMakeFiles/cmTC_92d79.dir/CheckFunctionExists.c.o   -c /usr/share/cmake-3.5/Modules/CheckFunctionExists.c
Linking C executable cmTC_92d79
/usr/bin/cmake -E cmake_link_script CMakeFiles/cmTC_92d79.dir/link.txt --verbose=1
/usr/bin/cc   -DCHECK_FUNCTION_EXISTS=pthread_create    CMakeFiles/cmTC_92d79.dir/CheckFunctionExists.c.o  -o cmTC_92d79 -rdynamic -lpthreads 
/usr/bin/ld: cannot find -lpthreads
collect2: error: ld returned 1 exit status
CMakeFiles/cmTC_92d79.dir/build.make:97: recipe for target 'cmTC_92d79' failed
make[1]: *** [cmTC_92d79] Error 1
make[1]: Leaving directory '/code/catkin_ws/build/explicit_coordinator/CMakeFiles/CMakeTmp'
Makefile:126: recipe for target 'cmTC_92d79/fast' failed
make: *** [cmTC_92d79/fast] Error 2


