Determining if the pthread_create exist failed with the following output:
Change Dir: /code/catkin_ws/build/duckietown_demos/CMakeFiles/CMakeTmp

Run Build Command:"/usr/bin/make" "cmTC_d6b68/fast"
/usr/bin/make -f CMakeFiles/cmTC_d6b68.dir/build.make CMakeFiles/cmTC_d6b68.dir/build
make[1]: Entering directory '/code/catkin_ws/build/duckietown_demos/CMakeFiles/CMakeTmp'
Building C object CMakeFiles/cmTC_d6b68.dir/CheckSymbolExists.c.o
/usr/bin/cc     -o CMakeFiles/cmTC_d6b68.dir/CheckSymbolExists.c.o   -c /code/catkin_ws/build/duckietown_demos/CMakeFiles/CMakeTmp/CheckSymbolExists.c
Linking C executable cmTC_d6b68
/usr/bin/cmake -E cmake_link_script CMakeFiles/cmTC_d6b68.dir/link.txt --verbose=1
/usr/bin/cc       CMakeFiles/cmTC_d6b68.dir/CheckSymbolExists.c.o  -o cmTC_d6b68 -rdynamic 
CMakeFiles/cmTC_d6b68.dir/CheckSymbolExists.c.o: In function `main':
CheckSymbolExists.c:(.text+0xe): undefined reference to `pthread_create'
CheckSymbolExists.c:(.text+0x12): undefined reference to `pthread_create'
collect2: error: ld returned 1 exit status
CMakeFiles/cmTC_d6b68.dir/build.make:97: recipe for target 'cmTC_d6b68' failed
make[1]: *** [cmTC_d6b68] Error 1
make[1]: Leaving directory '/code/catkin_ws/build/duckietown_demos/CMakeFiles/CMakeTmp'
Makefile:126: recipe for target 'cmTC_d6b68/fast' failed
make: *** [cmTC_d6b68/fast] Error 2

File /code/catkin_ws/build/duckietown_demos/CMakeFiles/CMakeTmp/CheckSymbolExists.c:
/* */
#include <pthread.h>

int main(int argc, char** argv)
{
  (void)argv;
#ifndef pthread_create
  return ((int*)(&pthread_create))[argc];
#else
  (void)argc;
  return 0;
#endif
}

Determining if the function pthread_create exists in the pthreads failed with the following output:
Change Dir: /code/catkin_ws/build/duckietown_demos/CMakeFiles/CMakeTmp

Run Build Command:"/usr/bin/make" "cmTC_52d0d/fast"
/usr/bin/make -f CMakeFiles/cmTC_52d0d.dir/build.make CMakeFiles/cmTC_52d0d.dir/build
make[1]: Entering directory '/code/catkin_ws/build/duckietown_demos/CMakeFiles/CMakeTmp'
Building C object CMakeFiles/cmTC_52d0d.dir/CheckFunctionExists.c.o
/usr/bin/cc    -DCHECK_FUNCTION_EXISTS=pthread_create   -o CMakeFiles/cmTC_52d0d.dir/CheckFunctionExists.c.o   -c /usr/share/cmake-3.5/Modules/CheckFunctionExists.c
Linking C executable cmTC_52d0d
/usr/bin/cmake -E cmake_link_script CMakeFiles/cmTC_52d0d.dir/link.txt --verbose=1
/usr/bin/cc   -DCHECK_FUNCTION_EXISTS=pthread_create    CMakeFiles/cmTC_52d0d.dir/CheckFunctionExists.c.o  -o cmTC_52d0d -rdynamic -lpthreads 
/usr/bin/ld: cannot find -lpthreads
collect2: error: ld returned 1 exit status
CMakeFiles/cmTC_52d0d.dir/build.make:97: recipe for target 'cmTC_52d0d' failed
make[1]: *** [cmTC_52d0d] Error 1
make[1]: Leaving directory '/code/catkin_ws/build/duckietown_demos/CMakeFiles/CMakeTmp'
Makefile:126: recipe for target 'cmTC_52d0d/fast' failed
make: *** [cmTC_52d0d/fast] Error 2


