Determining if the pthread_create exist failed with the following output:
Change Dir: /code/catkin_ws/build/apriltags2/CMakeFiles/CMakeTmp

Run Build Command:"/usr/bin/make" "cmTC_c9981/fast"
/usr/bin/make -f CMakeFiles/cmTC_c9981.dir/build.make CMakeFiles/cmTC_c9981.dir/build
make[1]: Entering directory '/code/catkin_ws/build/apriltags2/CMakeFiles/CMakeTmp'
Building C object CMakeFiles/cmTC_c9981.dir/CheckSymbolExists.c.o
/usr/bin/cc    -std=gnu99 -fPIC -Wall -Wno-unused-parameter -Wno-unused-function -I. -O4 -fno-strict-overflow    -o CMakeFiles/cmTC_c9981.dir/CheckSymbolExists.c.o   -c /code/catkin_ws/build/apriltags2/CMakeFiles/CMakeTmp/CheckSymbolExists.c
Linking C executable cmTC_c9981
/usr/bin/cmake -E cmake_link_script CMakeFiles/cmTC_c9981.dir/link.txt --verbose=1
/usr/bin/cc  -std=gnu99 -fPIC -Wall -Wno-unused-parameter -Wno-unused-function -I. -O4 -fno-strict-overflow     CMakeFiles/cmTC_c9981.dir/CheckSymbolExists.c.o  -o cmTC_c9981 -rdynamic 
CMakeFiles/cmTC_c9981.dir/CheckSymbolExists.c.o: In function `main':
CheckSymbolExists.c:(.text.startup+0x14): undefined reference to `pthread_create'
collect2: error: ld returned 1 exit status
CMakeFiles/cmTC_c9981.dir/build.make:97: recipe for target 'cmTC_c9981' failed
make[1]: *** [cmTC_c9981] Error 1
make[1]: Leaving directory '/code/catkin_ws/build/apriltags2/CMakeFiles/CMakeTmp'
Makefile:126: recipe for target 'cmTC_c9981/fast' failed
make: *** [cmTC_c9981/fast] Error 2

File /code/catkin_ws/build/apriltags2/CMakeFiles/CMakeTmp/CheckSymbolExists.c:
/* */
#include <pthread.h>

int main(int argc, char** argv)
{
  (void)argv;
#ifndef pthread_create
  return ((int*)(&pthread_create))[argc];
#else
  (void)argc;
  return 0;
#endif
}

Determining if the function pthread_create exists in the pthreads failed with the following output:
Change Dir: /code/catkin_ws/build/apriltags2/CMakeFiles/CMakeTmp

Run Build Command:"/usr/bin/make" "cmTC_32adc/fast"
/usr/bin/make -f CMakeFiles/cmTC_32adc.dir/build.make CMakeFiles/cmTC_32adc.dir/build
make[1]: Entering directory '/code/catkin_ws/build/apriltags2/CMakeFiles/CMakeTmp'
Building C object CMakeFiles/cmTC_32adc.dir/CheckFunctionExists.c.o
/usr/bin/cc    -std=gnu99 -fPIC -Wall -Wno-unused-parameter -Wno-unused-function -I. -O4 -fno-strict-overflow -DCHECK_FUNCTION_EXISTS=pthread_create   -o CMakeFiles/cmTC_32adc.dir/CheckFunctionExists.c.o   -c /usr/share/cmake-3.5/Modules/CheckFunctionExists.c
Linking C executable cmTC_32adc
/usr/bin/cmake -E cmake_link_script CMakeFiles/cmTC_32adc.dir/link.txt --verbose=1
/usr/bin/cc  -std=gnu99 -fPIC -Wall -Wno-unused-parameter -Wno-unused-function -I. -O4 -fno-strict-overflow -DCHECK_FUNCTION_EXISTS=pthread_create    CMakeFiles/cmTC_32adc.dir/CheckFunctionExists.c.o  -o cmTC_32adc -rdynamic -lpthreads 
/usr/bin/ld: cannot find -lpthreads
collect2: error: ld returned 1 exit status
CMakeFiles/cmTC_32adc.dir/build.make:97: recipe for target 'cmTC_32adc' failed
make[1]: *** [cmTC_32adc] Error 1
make[1]: Leaving directory '/code/catkin_ws/build/apriltags2/CMakeFiles/CMakeTmp'
Makefile:126: recipe for target 'cmTC_32adc/fast' failed
make: *** [cmTC_32adc/fast] Error 2


