Determining if the pthread_create exist failed with the following output:
Change Dir: /code/catkin_ws/build/unicorn_intersection/CMakeFiles/CMakeTmp

Run Build Command:"/usr/bin/make" "cmTC_aa863/fast"
/usr/bin/make -f CMakeFiles/cmTC_aa863.dir/build.make CMakeFiles/cmTC_aa863.dir/build
make[1]: Entering directory '/code/catkin_ws/build/unicorn_intersection/CMakeFiles/CMakeTmp'
Building C object CMakeFiles/cmTC_aa863.dir/CheckSymbolExists.c.o
/usr/bin/cc     -o CMakeFiles/cmTC_aa863.dir/CheckSymbolExists.c.o   -c /code/catkin_ws/build/unicorn_intersection/CMakeFiles/CMakeTmp/CheckSymbolExists.c
Linking C executable cmTC_aa863
/usr/bin/cmake -E cmake_link_script CMakeFiles/cmTC_aa863.dir/link.txt --verbose=1
/usr/bin/cc       CMakeFiles/cmTC_aa863.dir/CheckSymbolExists.c.o  -o cmTC_aa863 -rdynamic 
CMakeFiles/cmTC_aa863.dir/CheckSymbolExists.c.o: In function `main':
CheckSymbolExists.c:(.text+0xe): undefined reference to `pthread_create'
CheckSymbolExists.c:(.text+0x12): undefined reference to `pthread_create'
collect2: error: ld returned 1 exit status
CMakeFiles/cmTC_aa863.dir/build.make:97: recipe for target 'cmTC_aa863' failed
make[1]: *** [cmTC_aa863] Error 1
make[1]: Leaving directory '/code/catkin_ws/build/unicorn_intersection/CMakeFiles/CMakeTmp'
Makefile:126: recipe for target 'cmTC_aa863/fast' failed
make: *** [cmTC_aa863/fast] Error 2

File /code/catkin_ws/build/unicorn_intersection/CMakeFiles/CMakeTmp/CheckSymbolExists.c:
/* */
#include <pthread.h>

int main(int argc, char** argv)
{
  (void)argv;
#ifndef pthread_create
  return ((int*)(&pthread_create))[argc];
#else
  (void)argc;
  return 0;
#endif
}

Determining if the function pthread_create exists in the pthreads failed with the following output:
Change Dir: /code/catkin_ws/build/unicorn_intersection/CMakeFiles/CMakeTmp

Run Build Command:"/usr/bin/make" "cmTC_8e66a/fast"
/usr/bin/make -f CMakeFiles/cmTC_8e66a.dir/build.make CMakeFiles/cmTC_8e66a.dir/build
make[1]: Entering directory '/code/catkin_ws/build/unicorn_intersection/CMakeFiles/CMakeTmp'
Building C object CMakeFiles/cmTC_8e66a.dir/CheckFunctionExists.c.o
/usr/bin/cc    -DCHECK_FUNCTION_EXISTS=pthread_create   -o CMakeFiles/cmTC_8e66a.dir/CheckFunctionExists.c.o   -c /usr/share/cmake-3.5/Modules/CheckFunctionExists.c
Linking C executable cmTC_8e66a
/usr/bin/cmake -E cmake_link_script CMakeFiles/cmTC_8e66a.dir/link.txt --verbose=1
/usr/bin/cc   -DCHECK_FUNCTION_EXISTS=pthread_create    CMakeFiles/cmTC_8e66a.dir/CheckFunctionExists.c.o  -o cmTC_8e66a -rdynamic -lpthreads 
/usr/bin/ld: cannot find -lpthreads
collect2: error: ld returned 1 exit status
CMakeFiles/cmTC_8e66a.dir/build.make:97: recipe for target 'cmTC_8e66a' failed
make[1]: *** [cmTC_8e66a] Error 1
make[1]: Leaving directory '/code/catkin_ws/build/unicorn_intersection/CMakeFiles/CMakeTmp'
Makefile:126: recipe for target 'cmTC_8e66a/fast' failed
make: *** [cmTC_8e66a/fast] Error 2


