Determining if the pthread_create exist failed with the following output:
Change Dir: /code/catkin_ws/build/virtual_joystick/CMakeFiles/CMakeTmp

Run Build Command:"/usr/bin/make" "cmTC_c9d63/fast"
/usr/bin/make -f CMakeFiles/cmTC_c9d63.dir/build.make CMakeFiles/cmTC_c9d63.dir/build
make[1]: Entering directory '/code/catkin_ws/build/virtual_joystick/CMakeFiles/CMakeTmp'
Building C object CMakeFiles/cmTC_c9d63.dir/CheckSymbolExists.c.o
/usr/bin/cc     -o CMakeFiles/cmTC_c9d63.dir/CheckSymbolExists.c.o   -c /code/catkin_ws/build/virtual_joystick/CMakeFiles/CMakeTmp/CheckSymbolExists.c
Linking C executable cmTC_c9d63
/usr/bin/cmake -E cmake_link_script CMakeFiles/cmTC_c9d63.dir/link.txt --verbose=1
/usr/bin/cc       CMakeFiles/cmTC_c9d63.dir/CheckSymbolExists.c.o  -o cmTC_c9d63 -rdynamic 
CMakeFiles/cmTC_c9d63.dir/CheckSymbolExists.c.o: In function `main':
CheckSymbolExists.c:(.text+0xe): undefined reference to `pthread_create'
CheckSymbolExists.c:(.text+0x12): undefined reference to `pthread_create'
collect2: error: ld returned 1 exit status
CMakeFiles/cmTC_c9d63.dir/build.make:97: recipe for target 'cmTC_c9d63' failed
make[1]: *** [cmTC_c9d63] Error 1
make[1]: Leaving directory '/code/catkin_ws/build/virtual_joystick/CMakeFiles/CMakeTmp'
Makefile:126: recipe for target 'cmTC_c9d63/fast' failed
make: *** [cmTC_c9d63/fast] Error 2

File /code/catkin_ws/build/virtual_joystick/CMakeFiles/CMakeTmp/CheckSymbolExists.c:
/* */
#include <pthread.h>

int main(int argc, char** argv)
{
  (void)argv;
#ifndef pthread_create
  return ((int*)(&pthread_create))[argc];
#else
  (void)argc;
  return 0;
#endif
}

Determining if the function pthread_create exists in the pthreads failed with the following output:
Change Dir: /code/catkin_ws/build/virtual_joystick/CMakeFiles/CMakeTmp

Run Build Command:"/usr/bin/make" "cmTC_de5ac/fast"
/usr/bin/make -f CMakeFiles/cmTC_de5ac.dir/build.make CMakeFiles/cmTC_de5ac.dir/build
make[1]: Entering directory '/code/catkin_ws/build/virtual_joystick/CMakeFiles/CMakeTmp'
Building C object CMakeFiles/cmTC_de5ac.dir/CheckFunctionExists.c.o
/usr/bin/cc    -DCHECK_FUNCTION_EXISTS=pthread_create   -o CMakeFiles/cmTC_de5ac.dir/CheckFunctionExists.c.o   -c /usr/share/cmake-3.5/Modules/CheckFunctionExists.c
Linking C executable cmTC_de5ac
/usr/bin/cmake -E cmake_link_script CMakeFiles/cmTC_de5ac.dir/link.txt --verbose=1
/usr/bin/cc   -DCHECK_FUNCTION_EXISTS=pthread_create    CMakeFiles/cmTC_de5ac.dir/CheckFunctionExists.c.o  -o cmTC_de5ac -rdynamic -lpthreads 
/usr/bin/ld: cannot find -lpthreads
collect2: error: ld returned 1 exit status
CMakeFiles/cmTC_de5ac.dir/build.make:97: recipe for target 'cmTC_de5ac' failed
make[1]: *** [cmTC_de5ac] Error 1
make[1]: Leaving directory '/code/catkin_ws/build/virtual_joystick/CMakeFiles/CMakeTmp'
Makefile:126: recipe for target 'cmTC_de5ac/fast' failed
make: *** [cmTC_de5ac/fast] Error 2


