Determining if the pthread_create exist failed with the following output:
Change Dir: /code/catkin_ws/build/fsm/CMakeFiles/CMakeTmp

Run Build Command:"/usr/bin/make" "cmTC_beca5/fast"
/usr/bin/make -f CMakeFiles/cmTC_beca5.dir/build.make CMakeFiles/cmTC_beca5.dir/build
make[1]: Entering directory '/code/catkin_ws/build/fsm/CMakeFiles/CMakeTmp'
Building C object CMakeFiles/cmTC_beca5.dir/CheckSymbolExists.c.o
/usr/bin/cc     -o CMakeFiles/cmTC_beca5.dir/CheckSymbolExists.c.o   -c /code/catkin_ws/build/fsm/CMakeFiles/CMakeTmp/CheckSymbolExists.c
Linking C executable cmTC_beca5
/usr/bin/cmake -E cmake_link_script CMakeFiles/cmTC_beca5.dir/link.txt --verbose=1
/usr/bin/cc       CMakeFiles/cmTC_beca5.dir/CheckSymbolExists.c.o  -o cmTC_beca5 -rdynamic 
CMakeFiles/cmTC_beca5.dir/CheckSymbolExists.c.o: In function `main':
CheckSymbolExists.c:(.text+0xe): undefined reference to `pthread_create'
CheckSymbolExists.c:(.text+0x12): undefined reference to `pthread_create'
collect2: error: ld returned 1 exit status
CMakeFiles/cmTC_beca5.dir/build.make:97: recipe for target 'cmTC_beca5' failed
make[1]: *** [cmTC_beca5] Error 1
make[1]: Leaving directory '/code/catkin_ws/build/fsm/CMakeFiles/CMakeTmp'
Makefile:126: recipe for target 'cmTC_beca5/fast' failed
make: *** [cmTC_beca5/fast] Error 2

File /code/catkin_ws/build/fsm/CMakeFiles/CMakeTmp/CheckSymbolExists.c:
/* */
#include <pthread.h>

int main(int argc, char** argv)
{
  (void)argv;
#ifndef pthread_create
  return ((int*)(&pthread_create))[argc];
#else
  (void)argc;
  return 0;
#endif
}

Determining if the function pthread_create exists in the pthreads failed with the following output:
Change Dir: /code/catkin_ws/build/fsm/CMakeFiles/CMakeTmp

Run Build Command:"/usr/bin/make" "cmTC_e7cda/fast"
/usr/bin/make -f CMakeFiles/cmTC_e7cda.dir/build.make CMakeFiles/cmTC_e7cda.dir/build
make[1]: Entering directory '/code/catkin_ws/build/fsm/CMakeFiles/CMakeTmp'
Building C object CMakeFiles/cmTC_e7cda.dir/CheckFunctionExists.c.o
/usr/bin/cc    -DCHECK_FUNCTION_EXISTS=pthread_create   -o CMakeFiles/cmTC_e7cda.dir/CheckFunctionExists.c.o   -c /usr/share/cmake-3.5/Modules/CheckFunctionExists.c
Linking C executable cmTC_e7cda
/usr/bin/cmake -E cmake_link_script CMakeFiles/cmTC_e7cda.dir/link.txt --verbose=1
/usr/bin/cc   -DCHECK_FUNCTION_EXISTS=pthread_create    CMakeFiles/cmTC_e7cda.dir/CheckFunctionExists.c.o  -o cmTC_e7cda -rdynamic -lpthreads 
/usr/bin/ld: cannot find -lpthreads
collect2: error: ld returned 1 exit status
CMakeFiles/cmTC_e7cda.dir/build.make:97: recipe for target 'cmTC_e7cda' failed
make[1]: *** [cmTC_e7cda] Error 1
make[1]: Leaving directory '/code/catkin_ws/build/fsm/CMakeFiles/CMakeTmp'
Makefile:126: recipe for target 'cmTC_e7cda/fast' failed
make: *** [cmTC_e7cda/fast] Error 2


