Not searching for unused variables given on the command line.
-- The C compiler identification is GNU 5.4.0
-- The CXX compiler identification is GNU 5.4.0
-- Check for working C compiler: /usr/bin/cc
-- Check for working C compiler: /usr/bin/cc -- works
-- Detecting C compiler ABI info
-- Detecting C compiler ABI info - done
-- Detecting C compile features
-- Detecting C compile features - done
-- Check for working CXX compiler: /usr/bin/c++
-- Check for working CXX compiler: /usr/bin/c++ -- works
-- Detecting CXX compiler ABI info
-- Detecting CXX compiler ABI info - done
-- Detecting CXX compile features
-- Detecting CXX compile features - done
-- Using CATKIN_DEVEL_PREFIX: /code/catkin_ws/devel/.private/my_ground_projection
-- Using CMAKE_PREFIX_PATH: /code/catkin_ws/devel;/opt/ros/kinetic
-- This workspace overlays: /code/catkin_ws/devel;/opt/ros/kinetic
-- Found PythonInterp: /usr/bin/python (found version "2.7.12")
-- Using PYTHON_EXECUTABLE: /usr/bin/python
-- Using Debian Python package layout
-- Using empy: /usr/bin/empy
qemu: Unsupported syscall: 384
qemu: Unsupported syscall: 384
qemu: Unsupported syscall: 384
qemu: Unsupported syscall: 384
-- Using CATKIN_ENABLE_TESTING: ON
-- Call enable_testing()
-- Using CATKIN_TEST_RESULTS_DIR: /code/catkin_ws/build/my_ground_projection/test_results
-- Found gmock sources under '/usr/src/gmock': gmock will be built
-- Looking for pthread.h
-- Looking for pthread.h - found
-- Looking for pthread_create
-- Looking for pthread_create - not found
-- Looking for pthread_create in pthreads
-- Looking for pthread_create in pthreads - not found
-- Looking for pthread_create in pthread
-- Looking for pthread_create in pthread - found
-- Found Threads: TRUE
-- Found gtest sources under '/usr/src/gmock': gtests will be built
-- Using Python nosetests: /usr/bin/nosetests-2.7
-- catkin 0.7.18
-- BUILD_SHARED_LIBS is on
-- Disabling the following message generators: gennodejs;geneus;genlisp
-- Using these message generators: gencpp;genpy
-- Found OpenCV: /opt/ros/kinetic (found suitable version "3.3.1", minimum required is "3")
-- Boost version: 1.58.0
-- Found the following Boost libraries:
--   filesystem
--   system
-- Found PkgConfig: /usr/bin/pkg-config (found version "0.29.1")
-- Checking for module 'yaml-cpp'
--   Found yaml-cpp, version 0.5.2
-- my_ground_projection: 0 messages, 3 services
-- Configuring done
-- Generating done
-- Build files have been written to: /code/catkin_ws/build/my_ground_projection
