Symlinking /code/catkin_ws/devel/include/apriltags2_ros/AnalyzeSingleImage.h
Symlinking /code/catkin_ws/devel/include/apriltags2_ros/AprilTagDetection.h
Symlinking /code/catkin_ws/devel/include/apriltags2_ros/AnalyzeSingleImageResponse.h
Symlinking /code/catkin_ws/devel/include/apriltags2_ros/AnalyzeSingleImageRequest.h
Symlinking /code/catkin_ws/devel/include/apriltags2_ros/AprilTagDetectionArray.h
Symlinking /code/catkin_ws/devel/lib/libcontinuous_detector.so
Symlinking /code/catkin_ws/devel/lib/libcommon.so
Symlinking /code/catkin_ws/devel/lib/libsingle_image_detector.so
Symlinking /code/catkin_ws/devel/lib/pkgconfig/apriltags2_ros.pc
Symlinking /code/catkin_ws/devel/lib/apriltags2_ros/apriltags2_ros_continuous_node
Symlinking /code/catkin_ws/devel/lib/apriltags2_ros/apriltags2_ros_single_image_server_node
Symlinking /code/catkin_ws/devel/lib/apriltags2_ros/apriltags2_ros_single_image_client_node
Symlinking /code/catkin_ws/devel/lib/python2.7/dist-packages/apriltags2_ros/__init__.py
Symlinking /code/catkin_ws/devel/lib/python2.7/dist-packages/apriltags2_ros/msg/__init__.py
Symlinking /code/catkin_ws/devel/lib/python2.7/dist-packages/apriltags2_ros/msg/_AprilTagDetection.py
Symlinking /code/catkin_ws/devel/lib/python2.7/dist-packages/apriltags2_ros/msg/_AprilTagDetectionArray.py
Symlinking /code/catkin_ws/devel/lib/python2.7/dist-packages/apriltags2_ros/srv/__init__.py
Symlinking /code/catkin_ws/devel/lib/python2.7/dist-packages/apriltags2_ros/srv/_AnalyzeSingleImage.py
Symlinking /code/catkin_ws/devel/share/apriltags2_ros/cmake/apriltags2_rosConfig-version.cmake
Symlinking /code/catkin_ws/devel/share/apriltags2_ros/cmake/apriltags2_ros-msg-extras.cmake
Symlinking /code/catkin_ws/devel/share/apriltags2_ros/cmake/apriltags2_ros-msg-paths.cmake
Symlinking /code/catkin_ws/devel/share/apriltags2_ros/cmake/apriltags2_rosConfig.cmake
