Linked: (/code/catkin_ws/devel/.private/apriltags2_ros/share/apriltags2_ros/cmake/apriltags2_ros-msg-paths.cmake, /code/catkin_ws/devel/share/apriltags2_ros/cmake/apriltags2_ros-msg-paths.cmake)
Linked: (/code/catkin_ws/devel/.private/apriltags2_ros/share/apriltags2_ros/cmake/apriltags2_rosConfig.cmake, /code/catkin_ws/devel/share/apriltags2_ros/cmake/apriltags2_rosConfig.cmake)
Linked: (/code/catkin_ws/devel/.private/apriltags2_ros/share/apriltags2_ros/cmake/apriltags2_ros-msg-extras.cmake, /code/catkin_ws/devel/share/apriltags2_ros/cmake/apriltags2_ros-msg-extras.cmake)
Linked: (/code/catkin_ws/devel/.private/apriltags2_ros/share/apriltags2_ros/cmake/apriltags2_rosConfig-version.cmake, /code/catkin_ws/devel/share/apriltags2_ros/cmake/apriltags2_rosConfig-version.cmake)
Linked: (/code/catkin_ws/devel/.private/apriltags2_ros/lib/libcontinuous_detector.so, /code/catkin_ws/devel/lib/libcontinuous_detector.so)
Linked: (/code/catkin_ws/devel/.private/apriltags2_ros/lib/libsingle_image_detector.so, /code/catkin_ws/devel/lib/libsingle_image_detector.so)
Linked: (/code/catkin_ws/devel/.private/apriltags2_ros/lib/libcommon.so, /code/catkin_ws/devel/lib/libcommon.so)
Linked: (/code/catkin_ws/devel/.private/apriltags2_ros/lib/apriltags2_ros/apriltags2_ros_single_image_client_node, /code/catkin_ws/devel/lib/apriltags2_ros/apriltags2_ros_single_image_client_node)
Linked: (/code/catkin_ws/devel/.private/apriltags2_ros/lib/apriltags2_ros/apriltags2_ros_continuous_node, /code/catkin_ws/devel/lib/apriltags2_ros/apriltags2_ros_continuous_node)
Linked: (/code/catkin_ws/devel/.private/apriltags2_ros/lib/apriltags2_ros/apriltags2_ros_single_image_server_node, /code/catkin_ws/devel/lib/apriltags2_ros/apriltags2_ros_single_image_server_node)
Linked: (/code/catkin_ws/devel/.private/apriltags2_ros/lib/python2.7/dist-packages/apriltags2_ros/__init__.py, /code/catkin_ws/devel/lib/python2.7/dist-packages/apriltags2_ros/__init__.py)
Linked: (/code/catkin_ws/devel/.private/apriltags2_ros/lib/python2.7/dist-packages/apriltags2_ros/srv/__init__.py, /code/catkin_ws/devel/lib/python2.7/dist-packages/apriltags2_ros/srv/__init__.py)
Linked: (/code/catkin_ws/devel/.private/apriltags2_ros/lib/python2.7/dist-packages/apriltags2_ros/srv/_AnalyzeSingleImage.py, /code/catkin_ws/devel/lib/python2.7/dist-packages/apriltags2_ros/srv/_AnalyzeSingleImage.py)
Linked: (/code/catkin_ws/devel/.private/apriltags2_ros/lib/python2.7/dist-packages/apriltags2_ros/msg/__init__.py, /code/catkin_ws/devel/lib/python2.7/dist-packages/apriltags2_ros/msg/__init__.py)
Linked: (/code/catkin_ws/devel/.private/apriltags2_ros/lib/python2.7/dist-packages/apriltags2_ros/msg/_AprilTagDetectionArray.py, /code/catkin_ws/devel/lib/python2.7/dist-packages/apriltags2_ros/msg/_AprilTagDetectionArray.py)
Linked: (/code/catkin_ws/devel/.private/apriltags2_ros/lib/python2.7/dist-packages/apriltags2_ros/msg/_AprilTagDetection.py, /code/catkin_ws/devel/lib/python2.7/dist-packages/apriltags2_ros/msg/_AprilTagDetection.py)
Linked: (/code/catkin_ws/devel/.private/apriltags2_ros/lib/pkgconfig/apriltags2_ros.pc, /code/catkin_ws/devel/lib/pkgconfig/apriltags2_ros.pc)
Linked: (/code/catkin_ws/devel/.private/apriltags2_ros/include/apriltags2_ros/AnalyzeSingleImageRequest.h, /code/catkin_ws/devel/include/apriltags2_ros/AnalyzeSingleImageRequest.h)
Linked: (/code/catkin_ws/devel/.private/apriltags2_ros/include/apriltags2_ros/AprilTagDetectionArray.h, /code/catkin_ws/devel/include/apriltags2_ros/AprilTagDetectionArray.h)
Linked: (/code/catkin_ws/devel/.private/apriltags2_ros/include/apriltags2_ros/AnalyzeSingleImageResponse.h, /code/catkin_ws/devel/include/apriltags2_ros/AnalyzeSingleImageResponse.h)
Linked: (/code/catkin_ws/devel/.private/apriltags2_ros/include/apriltags2_ros/AprilTagDetection.h, /code/catkin_ws/devel/include/apriltags2_ros/AprilTagDetection.h)
Linked: (/code/catkin_ws/devel/.private/apriltags2_ros/include/apriltags2_ros/AnalyzeSingleImage.h, /code/catkin_ws/devel/include/apriltags2_ros/AnalyzeSingleImage.h)
